[2025-05-24 11:07:00] INFO: Starting the Analysis Client...
[2025-05-24 11:07:46] INFO: User selected chart type: Pie Chart
[2025-05-24 11:12:20] INFO: User selected chart type: Bar Chart
[2025-05-24 11:12:29] INFO: Shutting down the Analysis Client...
[2025-05-24 11:23:53] INFO: Starting the Analysis Client...
[2025-05-24 11:24:06] INFO: Loading CSV file: C:\Users\Dell\Downloads\Students_Grading_Dataset.csv
[2025-05-24 11:24:59] INFO: User selected chart type: Pie Chart
[2025-05-24 11:31:28] INFO: Starting the Analysis Client...
[2025-05-24 11:31:36] INFO: Loading CSV file: C:\Users\Dell\Downloads\Students_Grading_Dataset.csv
[2025-05-24 11:36:27] INFO: Starting the Analysis Client...
[2025-05-24 11:39:17] INFO: Shutting down the Analysis Client...
[2025-05-24 11:39:25] INFO: Starting the Analysis Client...
[2025-05-24 11:39:39] INFO: Loading CSV file: C:\Users\Dell\Downloads\Students_Grading_Dataset.csv
[2025-05-24 11:39:42] INFO: Sending data to server for analysis
[2025-05-24 11:42:04] INFO: Shutting down the Analysis Client...
[2025-05-24 11:42:13] INFO: Starting the Analysis Client...
[2025-05-24 11:42:20] INFO: Loading CSV file: C:\Users\Dell\Downloads\Students_Grading_Dataset.csv
[2025-05-24 11:42:23] INFO: Sending data to server for analysis
[2025-05-24 11:42:26] INFO: Recieved results from server. Displaying results in ResultsPanel
[2025-05-24 11:43:01] INFO: User selected chart type: Pie Chart
[2025-05-24 11:43:51] INFO: Shutting down the Analysis Client...
[2025-05-24 12:06:03] INFO: Starting the Analysis Client...
[2025-05-24 12:06:11] INFO: Loading CSV file: C:\Users\Dell\Downloads\Students_Grading_Dataset.csv
[2025-05-24 12:07:07] INFO: Shutting down the Analysis Client...
[2025-05-24 12:09:50] INFO: Starting the Analysis Client...
[2025-05-24 12:09:57] INFO: Loading CSV file: C:\Users\Dell\Downloads\Students_Grading_Dataset.csv
[2025-05-24 12:10:20] INFO: Sending data to server for analysis
[2025-05-24 12:10:22] INFO: Recieved results from server. Displaying results in ResultsPanel
[2025-05-24 12:10:41] INFO: Shutting down the Analysis Client...
[2025-05-24 12:11:04] INFO: Starting the Analysis Client...
[2025-05-24 12:11:11] INFO: Loading CSV file: C:\Users\Dell\Downloads\Students_Grading_Dataset.csv
[2025-05-24 12:13:17] INFO: Starting the Analysis Client...
[2025-05-24 12:13:25] INFO: Loading CSV file: C:\Users\Dell\Downloads\Students_Grading_Dataset.csv
[2025-05-24 12:13:35] INFO: Sending data to server for analysis
[2025-05-24 12:13:37] INFO: Recieved results from server. Displaying results in ResultsPanel
[2025-05-24 12:14:24] INFO: User selected chart type: Pie Chart
[2025-05-24 12:14:38] INFO: User selected chart type: Stacked Bar Chart
[2025-05-24 12:15:36] INFO: Shutting down the Analysis Client...
[2025-05-24 12:16:42] INFO: Starting the Analysis Client...
[2025-05-24 12:17:01] INFO: Loading CSV file: C:\Users\Dell\Downloads\Students_Grading_Dataset.csv
[2025-05-24 12:17:02] INFO: Sending data to server for analysis
[2025-05-24 12:17:04] INFO: Recieved results from server. Displaying results in ResultsPanel
[2025-05-24 12:17:07] INFO: User selected chart type: Pie Chart
[2025-05-24 12:17:41] INFO: Starting the Analysis Client...
[2025-05-24 12:18:54] INFO: Starting the Analysis Client...
[2025-05-24 12:19:00] INFO: Loading CSV file: C:\Users\Dell\Downloads\Students_Grading_Dataset.csv
[2025-05-24 12:19:04] INFO: Sending data to server for analysis
[2025-05-24 12:19:06] INFO: Recieved results from server. Displaying results in ResultsPanel
[2025-05-24 12:19:17] INFO: User selected chart type: Bar Chart
[2025-05-24 12:19:20] INFO: User selected chart type: Bar Chart
[2025-05-24 12:21:38] INFO: Starting the Analysis Client...
[2025-05-24 12:21:42] INFO: Exiting the application.
[2025-05-24 12:21:45] INFO: Shutting down the Analysis Client...
